<?xml version="1.0" encoding="UTF-8"?>
<testng-results total="2" passed="2" failed="0" skipped="0">
  <reporter-output>
  </reporter-output>
  <suite started-at="2024-11-22T10:34:44Z" name="TestAutothon" finished-at="2024-11-22T10:34:53Z" duration-ms="8414">
    <groups>
    </groups>
    <test started-at="2024-11-22T10:34:44Z" name="TestCases" finished-at="2024-11-22T10:34:53Z" duration-ms="8414">
      <class name="testCases.Step_IN_UI">
        <test-method is-config="true" signature="beforeTest()[pri:0, instance:testCases.Step_IN_UI@6440112d]" started-at="2024-11-22T16:04:44Z" name="beforeTest" finished-at="2024-11-22T16:04:45Z" duration-ms="230" status="PASS">
          <reporter-output>
          </reporter-output>
        </test-method> <!-- beforeTest -->
        <test-method is-config="true" signature="beforeMethod(java.lang.reflect.Method)[pri:0, instance:testCases.Step_IN_UI@6440112d]" started-at="2024-11-22T16:04:45Z" name="beforeMethod" finished-at="2024-11-22T16:04:45Z" duration-ms="1" status="PASS">
          <params>
            <param index="0">
              <value>
                <![CDATA[public void testCases.Step_IN_UI.TC_UI_Launch_Youtube()]]>
              </value>
            </param>
          </params>
          <reporter-output>
          </reporter-output>
        </test-method> <!-- beforeMethod -->
        <test-method signature="TC_UI_Launch_Youtube()[pri:0, instance:testCases.Step_IN_UI@6440112d]" started-at="2024-11-22T16:04:45Z" name="TC_UI_Launch_Youtube" finished-at="2024-11-22T16:04:51Z" duration-ms="6253" status="PASS">
          <reporter-output>
          </reporter-output>
        </test-method> <!-- TC_UI_Launch_Youtube -->
        <test-method is-config="true" signature="afterMethod(org.testng.ITestResult, java.lang.reflect.Method)[pri:0, instance:testCases.Step_IN_UI@6440112d]" started-at="2024-11-22T16:04:51Z" name="afterMethod" finished-at="2024-11-22T16:04:51Z" duration-ms="5" status="PASS">
          <params>
            <param index="0">
              <value>
                <![CDATA[[TestResult name=TC_UI_Launch_Youtube status=SUCCESS method=Step_IN_UI.TC_UI_Launch_Youtube()[pri:0, instance:testCases.Step_IN_UI@6440112d] output={null}]]]>
              </value>
            </param>
            <param index="1">
              <value>
                <![CDATA[public void testCases.Step_IN_UI.TC_UI_Launch_Youtube()]]>
              </value>
            </param>
          </params>
          <reporter-output>
          </reporter-output>
        </test-method> <!-- afterMethod -->
        <test-method is-config="true" signature="beforeMethod(java.lang.reflect.Method)[pri:0, instance:testCases.Step_IN_UI@6440112d]" started-at="2024-11-22T16:04:51Z" name="beforeMethod" finished-at="2024-11-22T16:04:51Z" duration-ms="1" status="PASS">
          <params>
            <param index="0">
              <value>
                <![CDATA[public void testCases.Step_IN_UI.TC_UI_ClickIndia()]]>
              </value>
            </param>
          </params>
          <reporter-output>
          </reporter-output>
        </test-method> <!-- beforeMethod -->
        <test-method signature="TC_UI_ClickIndia()[pri:0, instance:testCases.Step_IN_UI@6440112d]" started-at="2024-11-22T16:04:51Z" name="TC_UI_ClickIndia" finished-at="2024-11-22T16:04:52Z" duration-ms="1263" status="PASS">
          <reporter-output>
          </reporter-output>
        </test-method> <!-- TC_UI_ClickIndia -->
        <test-method is-config="true" signature="afterMethod(org.testng.ITestResult, java.lang.reflect.Method)[pri:0, instance:testCases.Step_IN_UI@6440112d]" started-at="2024-11-22T16:04:52Z" name="afterMethod" finished-at="2024-11-22T16:04:52Z" duration-ms="0" status="PASS">
          <params>
            <param index="0">
              <value>
                <![CDATA[[TestResult name=TC_UI_ClickIndia status=SUCCESS method=Step_IN_UI.TC_UI_ClickIndia()[pri:0, instance:testCases.Step_IN_UI@6440112d] output={null}]]]>
              </value>
            </param>
            <param index="1">
              <value>
                <![CDATA[public void testCases.Step_IN_UI.TC_UI_ClickIndia()]]>
              </value>
            </param>
          </params>
          <reporter-output>
          </reporter-output>
        </test-method> <!-- afterMethod -->
        <test-method is-config="true" signature="afterTest()[pri:0, instance:testCases.Step_IN_UI@6440112d]" started-at="2024-11-22T16:04:52Z" name="afterTest" finished-at="2024-11-22T16:04:53Z" duration-ms="638" status="PASS">
          <reporter-output>
          </reporter-output>
        </test-method> <!-- afterTest -->
      </class> <!-- testCases.Step_IN_UI -->
    </test> <!-- TestCases -->
  </suite> <!-- TestAutothon -->
</testng-results>
