<?xml version="1.0" encoding="UTF-8"?>
<testng-results total="1" passed="1" failed="0" skipped="0">
  <reporter-output>
  </reporter-output>
  <suite started-at="2024-11-22T15:42:55Z" name="TestAutothon" finished-at="2024-11-22T15:42:58Z" duration-ms="2910">
    <groups>
    </groups>
    <test started-at="2024-11-22T15:42:55Z" name="TestCases" finished-at="2024-11-22T15:42:58Z" duration-ms="2910">
      <class name="testCases.Step_IN_API">
        <test-method signature="RegistrationSuccessful()[pri:0, instance:testCases.Step_IN_API@6caf0677]" started-at="2024-11-22T21:12:55Z" name="RegistrationSuccessful" finished-at="2024-11-22T21:12:58Z" duration-ms="2897" status="PASS">
          <reporter-output>
          </reporter-output>
        </test-method> <!-- RegistrationSuccessful -->
      </class> <!-- testCases.Step_IN_API -->
    </test> <!-- TestCases -->
  </suite> <!-- TestAutothon -->
</testng-results>
