<?xml version="1.0" encoding="UTF-8"?>
<!-- Generated by org.testng.reporters.JUnitXMLReporter -->
<testsuite hostname="WKWZTkkju8qloIl" failures="4" tests="5" name="MobileMode" time="70.844" errors="0" timestamp="23 Aug 2024 06:53:47 GMT">
  <testcase classname="testCases.Step_IN_Mob" name="TC_Mob_Launch_Youtube" time="3.606"/>
  <testcase classname="testCases.Step_IN_Mob" name="TC_Mob_Search_StepInForum" time="10.606">
    <failure type="java.lang.NullPointerException">
      <![CDATA[java.lang.NullPointerException
	at configuration.Keywords.click(Keywords.java:198)
	at testCases.Step_IN_Mob.TC_Mob_Search_StepInForum(Step_IN_Mob.java:37)
	at java.base/java.util.concurrent.FutureTask.run(FutureTask.java:264)
	at java.base/java.util.concurrent.ThreadPoolExecutor.runWorker(ThreadPoolExecutor.java:1128)
	at java.base/java.util.concurrent.ThreadPoolExecutor$Worker.run(ThreadPoolExecutor.java:628)
	at java.base/java.lang.Thread.run(Thread.java:835)
... Removed 16 stack frames]]>
    </failure>
  </testcase> <!-- TC_Mob_Search_StepInForum -->
  <testcase classname="testCases.Step_IN_Mob" name="TC_Mob_VideoLink" time="5.191">
    <failure type="java.lang.NullPointerException">
      <![CDATA[java.lang.NullPointerException
	at testCases.Step_IN_Mob.TC_Mob_VideoLink(Step_IN_Mob.java:47)
	at java.base/java.util.concurrent.FutureTask.run(FutureTask.java:264)
	at java.base/java.util.concurrent.ThreadPoolExecutor.runWorker(ThreadPoolExecutor.java:1128)
	at java.base/java.util.concurrent.ThreadPoolExecutor$Worker.run(ThreadPoolExecutor.java:628)
	at java.base/java.lang.Thread.run(Thread.java:835)
... Removed 16 stack frames]]>
    </failure>
  </testcase> <!-- TC_Mob_VideoLink -->
  <testcase classname="testCases.Step_IN_Mob" name="TC_Mob_GetVideoNameViaApi" time="24.171">
    <failure type="java.lang.NullPointerException">
      <![CDATA[java.lang.NullPointerException
	at api.APICommon.API_Get(APICommon.java:151)
	at testCases.Step_IN_Mob.TC_Mob_GetVideoNameViaApi(Step_IN_Mob.java:55)
	at java.base/java.util.concurrent.FutureTask.run(FutureTask.java:264)
	at java.base/java.util.concurrent.ThreadPoolExecutor.runWorker(ThreadPoolExecutor.java:1128)
	at java.base/java.util.concurrent.ThreadPoolExecutor$Worker.run(ThreadPoolExecutor.java:628)
	at java.base/java.lang.Thread.run(Thread.java:835)
... Removed 16 stack frames]]>
    </failure>
  </testcase> <!-- TC_Mob_GetVideoNameViaApi -->
  <testcase classname="testCases.Step_IN_Mob" name="TC_Mob_GetUpNextListAndPost" time="26.472">
    <failure type="java.lang.NullPointerException">
      <![CDATA[java.lang.NullPointerException
	at api.APICommon.API_Post(APICommon.java:134)
	at testCases.Step_IN_Mob.TC_Mob_GetUpNextListAndPost(Step_IN_Mob.java:76)
	at java.base/java.util.concurrent.FutureTask.run(FutureTask.java:264)
	at java.base/java.util.concurrent.ThreadPoolExecutor.runWorker(ThreadPoolExecutor.java:1128)
	at java.base/java.util.concurrent.ThreadPoolExecutor$Worker.run(ThreadPoolExecutor.java:628)
	at java.base/java.lang.Thread.run(Thread.java:835)
... Removed 16 stack frames]]>
    </failure>
  </testcase> <!-- TC_Mob_GetUpNextListAndPost -->
</testsuite> <!-- MobileMode -->
