<?xml version="1.0" encoding="UTF-8"?>
<!-- Generated by org.testng.reporters.JUnitXMLReporter -->
<testsuite hostname="WKWZTn23fjyB4Y9" failures="1" tests="1" name="TestCases" time="8.083" errors="0" timestamp="23 Nov 2024 09:16:46 GMT">
  <testcase classname="testCases.Step_IN_UI" name="TC_UI_Launch_IndianExpress" time="7.615">
    <failure type="java.lang.NullPointerException" message="Cannot invoke &amp;quot;org.openqa.selenium.WebElement.click()&amp;quot; because &amp;quot;actualLocator&amp;quot; is null">
      <![CDATA[java.lang.NullPointerException: Cannot invoke "org.openqa.selenium.WebElement.click()" because "actualLocator" is null
	at configuration.Keywords.click(Keywords.java:207)
	at pages.LoginPage.Login(LoginPage.java:26)
	at testCases.Step_IN_UI.TC_UI_Launch_IndianExpress(Step_IN_UI.java:28)
... Removed 24 stack frames]]>
    </failure>
  </testcase> <!-- TC_UI_Launch_IndianExpress -->
</testsuite> <!-- TestCases -->
